<?xml version="1.0" encoding="UTF-8"?>
<testng-results skipped="0" failed="0" total="2" passed="2">
  <reporter-output>
  </reporter-output>
  <suite name="Default suite" duration-ms="65092" started-at="2019-11-09T03:23:01Z" finished-at="2019-11-09T03:24:06Z">
    <groups>
    </groups>
    <test name="Default test" duration-ms="65092" started-at="2019-11-09T03:23:01Z" finished-at="2019-11-09T03:24:06Z">
      <class name="Hrms.Application.CallingData">
        <test-method status="PASS" signature="testcase1()[pri:0, instance:Hrms.Application.CallingData@3a079870]" name="testcase1" duration-ms="23050" started-at="2019-11-09T08:53:01Z" finished-at="2019-11-09T08:53:24Z">
          <reporter-output>
          </reporter-output>
        </test-method> <!-- testcase1 -->
        <test-method status="PASS" signature="testcase2()[pri:0, instance:Hrms.Application.CallingData@3a079870]" name="testcase2" duration-ms="42009" started-at="2019-11-09T08:53:24Z" finished-at="2019-11-09T08:54:06Z">
          <reporter-output>
          </reporter-output>
        </test-method> <!-- testcase2 -->
      </class> <!-- Hrms.Application.CallingData -->
    </test> <!-- Default test -->
  </suite> <!-- Default suite -->
</testng-results>
